# JRE version: Java(TM) SE Runtime Environment (14.0.1+7) (build 14.0.1+7)
# Java VM: Java HotSpot(TM) 64-Bit Server VM (14.0.1+7, mixed mode, sharing, tiered, compressed oops, g1 gc, windows-amd64)
Heap:
 garbage-first heap   total 350208K, used 191123K [0x00000000e0000000, 0x0000000100000000)
  region size 1024K, 24 young (24576K), 11 survivors (11264K)
 Metaspace       used 81198K, capacity 84106K, committed 84348K, reserved 327680K
  class space    used 10603K, capacity 11657K, committed 11724K, reserved 253952K
GC Heap History (20 events):
Event: 41.501 GC heap before
{Heap before GC invocations=21 (full 0):
 garbage-first heap   total 350208K, used 259699K [0x00000000e0000000, 0x0000000100000000)
  region size 1024K, 61 young (62464K), 3 survivors (3072K)
 Metaspace       used 71154K, capacity 73556K, committed 73852K, reserved 317440K
  class space    used 9426K, capacity 10236K, committed 10444K, reserved 253952K
}
Event: 41.505 GC heap after
{Heap after GC invocations=22 (full 0):
 garbage-first heap   total 350208K, used 203933K [0x00000000e0000000, 0x0000000100000000)
  region size 1024K, 5 young (5120K), 5 survivors (5120K)
 Metaspace       used 71154K, capacity 73556K, committed 73852K, reserved 317440K
  class space    used 9426K, capacity 10236K, committed 10444K, reserved 253952K
}
Event: 42.313 GC heap before
{Heap before GC invocations=22 (full 0):
 garbage-first heap   total 350208K, used 267421K [0x00000000e0000000, 0x0000000100000000)
  region size 1024K, 68 young (69632K), 5 survivors (5120K)
 Metaspace       used 71530K, capacity 73911K, committed 74364K, reserved 319488K
  class space    used 9435K, capacity 10246K, committed 10444K, reserved 253952K
}
Event: 42.323 GC heap after
{Heap after GC invocations=23 (full 0):
 garbage-first heap   total 350208K, used 208484K [0x00000000e0000000, 0x0000000100000000)
  region size 1024K, 8 young (8192K), 8 survivors (8192K)
 Metaspace       used 71530K, capacity 73911K, committed 74364K, reserved 319488K
  class space    used 9435K, capacity 10246K, committed 10444K, reserved 253952K
}
Event: 42.725 GC heap before
{Heap before GC invocations=24 (full 0):
 garbage-first heap   total 350208K, used 247396K [0x00000000e0000000, 0x0000000100000000)
  region size 1024K, 73 young (74752K), 8 survivors (8192K)
 Metaspace       used 71685K, capacity 74045K, committed 74364K, reserved 319488K
  class space    used 9435K, capacity 10246K, committed 10444K, reserved 253952K
}
Event: 42.734 GC heap after
{Heap after GC invocations=25 (full 0):
 garbage-first heap   total 350208K, used 183492K [0x00000000e0000000, 0x0000000100000000)
  region size 1024K, 8 young (8192K), 8 survivors (8192K)
 Metaspace       used 71685K, capacity 74045K, committed 74364K, reserved 319488K
  class space    used 9435K, capacity 10246K, committed 10444K, reserved 253952K
}
Event: 42.749 GC heap before
{Heap before GC invocations=25 (full 0):
 garbage-first heap   total 350208K, used 192708K [0x00000000e0000000, 0x0000000100000000)
  region size 1024K, 17 young (17408K), 8 survivors (8192K)
 Metaspace       used 71687K, capacity 74046K, committed 74364K, reserved 319488K
  class space    used 9435K, capacity 10246K, committed 10444K, reserved 253952K
}
Event: 42.763 GC heap after
{Heap after GC invocations=26 (full 0):
 garbage-first heap   total 350208K, used 153887K [0x00000000e0000000, 0x0000000100000000)
  region size 1024K, 1 young (1024K), 1 survivors (1024K)
 Metaspace       used 71687K, capacity 74046K, committed 74364K, reserved 319488K
  class space    used 9435K, capacity 10246K, committed 10444K, reserved 253952K
}
Event: 43.031 GC heap before
{Heap before GC invocations=26 (full 0):
 garbage-first heap   total 350208K, used 266527K [0x00000000e0000000, 0x0000000100000000)
  region size 1024K, 111 young (113664K), 1 survivors (1024K)
 Metaspace       used 71693K, capacity 74046K, committed 74364K, reserved 319488K
  class space    used 9435K, capacity 10246K, committed 10444K, reserved 253952K
}
Event: 43.035 GC heap after
{Heap after GC invocations=27 (full 0):
 garbage-first heap   total 350208K, used 154749K [0x00000000e0000000, 0x0000000100000000)
  region size 1024K, 2 young (2048K), 2 survivors (2048K)
 Metaspace       used 71693K, capacity 74046K, committed 74364K, reserved 319488K
  class space    used 9435K, capacity 10246K, committed 10444K, reserved 253952K
}
Event: 537.199 GC heap before
{Heap before GC invocations=27 (full 0):
 garbage-first heap   total 350208K, used 274557K [0x00000000e0000000, 0x0000000100000000)
  region size 1024K, 119 young (121856K), 2 survivors (2048K)
 Metaspace       used 72043K, capacity 74421K, committed 74620K, reserved 319488K
  class space    used 9442K, capacity 10254K, committed 10444K, reserved 253952K
}
Event: 537.204 GC heap after
{Heap after GC invocations=28 (full 0):
 garbage-first heap   total 350208K, used 159308K [0x00000000e0000000, 0x0000000100000000)
  region size 1024K, 7 young (7168K), 7 survivors (7168K)
 Metaspace       used 72043K, capacity 74421K, committed 74620K, reserved 319488K
  class space    used 9442K, capacity 10254K, committed 10444K, reserved 253952K
}
Event: 1120.787 GC heap before
{Heap before GC invocations=28 (full 0):
 garbage-first heap   total 350208K, used 278092K [0x00000000e0000000, 0x0000000100000000)
  region size 1024K, 124 young (126976K), 7 survivors (7168K)
 Metaspace       used 72473K, capacity 74918K, committed 75132K, reserved 319488K
  class space    used 9447K, capacity 10287K, committed 10444K, reserved 253952K
}
Event: 1120.793 GC heap after
{Heap after GC invocations=29 (full 0):
 garbage-first heap   total 350208K, used 161455K [0x00000000e0000000, 0x0000000100000000)
  region size 1024K, 9 young (9216K), 9 survivors (9216K)
 Metaspace       used 72473K, capacity 74918K, committed 75132K, reserved 319488K
  class space    used 9447K, capacity 10287K, committed 10444K, reserved 253952K
}
Event: 1122.160 GC heap before
{Heap before GC invocations=29 (full 0):
 garbage-first heap   total 350208K, used 284335K [0x00000000e0000000, 0x0000000100000000)
  region size 1024K, 129 young (132096K), 9 survivors (9216K)
 Metaspace       used 76672K, capacity 79256K, committed 79484K, reserved 323584K
  class space    used 10014K, capacity 10901K, committed 10956K, reserved 253952K
}
Event: 1122.173 GC heap after
{Heap after GC invocations=30 (full 0):
 garbage-first heap   total 350208K, used 168469K [0x00000000e0000000, 0x0000000100000000)
  region size 1024K, 16 young (16384K), 16 survivors (16384K)
 Metaspace       used 76672K, capacity 79256K, committed 79484K, reserved 323584K
  class space    used 10014K, capacity 10901K, committed 10956K, reserved 253952K
}
Event: 1758.871 GC heap before
{Heap before GC invocations=30 (full 0):
 garbage-first heap   total 350208K, used 286229K [0x00000000e0000000, 0x0000000100000000)
  region size 1024K, 131 young (134144K), 16 survivors (16384K)
 Metaspace       used 76908K, capacity 79456K, committed 79740K, reserved 323584K
  class space    used 10015K, capacity 10901K, committed 10956K, reserved 253952K
}
Event: 1758.879 GC heap after
{Heap after GC invocations=31 (full 0):
 garbage-first heap   total 350208K, used 172533K [0x00000000e0000000, 0x0000000100000000)
  region size 1024K, 12 young (12288K), 12 survivors (12288K)
 Metaspace       used 76908K, capacity 79456K, committed 79740K, reserved 323584K
  class space    used 10015K, capacity 10901K, committed 10956K, reserved 253952K
}
Event: 2045.004 GC heap before
{Heap before GC invocations=31 (full 0):
 garbage-first heap   total 350208K, used 290293K [0x00000000e0000000, 0x0000000100000000)
  region size 1024K, 128 young (131072K), 12 survivors (12288K)
 Metaspace       used 81173K, capacity 84106K, committed 84348K, reserved 327680K
  class space    used 10603K, capacity 11657K, committed 11724K, reserved 253952K
}
Event: 2045.025 GC heap after
{Heap after GC invocations=32 (full 0):
 garbage-first heap   total 350208K, used 178835K [0x00000000e0000000, 0x0000000100000000)
  region size 1024K, 11 young (11264K), 11 survivors (11264K)
 Metaspace       used 81173K, capacity 84106K, committed 84348K, reserved 327680K
  class space    used 10603K, capacity 11657K, committed 11724K, reserved 253952K
}

